This is pdfTeX, Version 3.141592653-2.6-1.40.24 (TeX Live 2022) (preloaded format=pdflatex 2022.10.3)  4 OCT 2022 08:31
entering extended mode
 restricted \write18 enabled.
 %&-line parsing enabled.
**HWP-CvR-Documentation.tex
(./HWP-CvR-Documentation.tex
LaTeX2e <2022-06-01> patch level 5
L3 programming layer <2022-09-28> (c:/Users/jerem/AppData/Roaming/TinyTeX/texmf-dist/tex/latex/base/book.cls
Document Class: book 2021/10/04 v1.4n Standard LaTeX document class
(c:/Users/jerem/AppData/Roaming/TinyTeX/texmf-dist/tex/latex/base/bk10.clo
File: bk10.clo 2021/10/04 v1.4n Standard LaTeX file (size option)
)
\c@part=\count185
\c@chapter=\count186
\c@section=\count187
\c@subsection=\count188
\c@subsubsection=\count189
\c@paragraph=\count190
\c@subparagraph=\count191
\c@figure=\count192
\c@table=\count193
\abovecaptionskip=\skip47
\belowcaptionskip=\skip48
\bibindent=\dimen138
) (c:/Users/jerem/AppData/Roaming/TinyTeX/texmf-dist/tex/latex/amsmath/amsmath.sty
Package: amsmath 2022/04/08 v2.17n AMS math features
\@mathmargin=\skip49
For additional information on amsmath, use the `?' option.
(c:/Users/jerem/AppData/Roaming/TinyTeX/texmf-dist/tex/latex/amsmath/amstext.sty
Package: amstext 2021/08/26 v2.01 AMS text
(c:/Users/jerem/AppData/Roaming/TinyTeX/texmf-dist/tex/latex/amsmath/amsgen.sty
File: amsgen.sty 1999/11/30 v2.0 generic functions
\@emptytoks=\toks16
\ex@=\dimen139
)) (c:/Users/jerem/AppData/Roaming/TinyTeX/texmf-dist/tex/latex/amsmath/amsbsy.sty
Package: amsbsy 1999/11/29 v1.2d Bold Symbols
\pmbraise@=\dimen140
) (c:/Users/jerem/AppData/Roaming/TinyTeX/texmf-dist/tex/latex/amsmath/amsopn.sty
Package: amsopn 2022/04/08 v2.04 operator names
)
\inf@bad=\count194
LaTeX Info: Redefining \frac on input line 234.
\uproot@=\count195
\leftroot@=\count196
LaTeX Info: Redefining \overline on input line 399.
LaTeX Info: Redefining \colon on input line 410.
\classnum@=\count197
\DOTSCASE@=\count198
LaTeX Info: Redefining \ldots on input line 496.
LaTeX Info: Redefining \dots on input line 499.
LaTeX Info: Redefining \cdots on input line 620.
\Mathstrutbox@=\box51
\strutbox@=\box52
LaTeX Info: Redefining \big on input line 722.
LaTeX Info: Redefining \Big on input line 723.
LaTeX Info: Redefining \bigg on input line 724.
LaTeX Info: Redefining \Bigg on input line 725.
\big@size=\dimen141
LaTeX Font Info:    Redeclaring font encoding OML on input line 743.
LaTeX Font Info:    Redeclaring font encoding OMS on input line 744.
\macc@depth=\count199
LaTeX Info: Redefining \bmod on input line 905.
LaTeX Info: Redefining \pmod on input line 910.
LaTeX Info: Redefining \smash on input line 940.
LaTeX Info: Redefining \relbar on input line 970.
LaTeX Info: Redefining \Relbar on input line 971.
\c@MaxMatrixCols=\count266
\dotsspace@=\muskip16
\c@parentequation=\count267
\dspbrk@lvl=\count268
\tag@help=\toks17
\row@=\count269
\column@=\count270
\maxfields@=\count271
\andhelp@=\toks18
\eqnshift@=\dimen142
\alignsep@=\dimen143
\tagshift@=\dimen144
\tagwidth@=\dimen145
\totwidth@=\dimen146
\lineht@=\dimen147
\@envbody=\toks19
\multlinegap=\skip50
\multlinetaggap=\skip51
\mathdisplay@stack=\toks20
LaTeX Info: Redefining \[ on input line 2953.
LaTeX Info: Redefining \] on input line 2954.
) (c:/Users/jerem/AppData/Roaming/TinyTeX/texmf-dist/tex/latex/amsfonts/amssymb.sty
Package: amssymb 2013/01/14 v3.01 AMS font symbols
(c:/Users/jerem/AppData/Roaming/TinyTeX/texmf-dist/tex/latex/amsfonts/amsfonts.sty
Package: amsfonts 2013/01/14 v3.01 Basic AMSFonts support
\symAMSa=\mathgroup4
\symAMSb=\mathgroup5
LaTeX Font Info:    Redeclaring math symbol \hbar on input line 98.
LaTeX Font Info:    Overwriting math alphabet `\mathfrak' in version `bold'
(Font)                  U/euf/m/n --> U/euf/b/n on input line 106.
)) (c:/Users/jerem/AppData/Roaming/TinyTeX/texmf-dist/tex/latex/lm/lmodern.sty
Package: lmodern 2015/05/01 v1.6.1 Latin Modern Fonts
LaTeX Font Info:    Overwriting symbol font `operators' in version `normal'
(Font)                  OT1/cmr/m/n --> OT1/lmr/m/n on input line 22.
LaTeX Font Info:    Overwriting symbol font `letters' in version `normal'
(Font)                  OML/cmm/m/it --> OML/lmm/m/it on input line 23.
LaTeX Font Info:    Overwriting symbol font `symbols' in version `normal'
(Font)                  OMS/cmsy/m/n --> OMS/lmsy/m/n on input line 24.
LaTeX Font Info:    Overwriting symbol font `largesymbols' in version `normal'
(Font)                  OMX/cmex/m/n --> OMX/lmex/m/n on input line 25.
LaTeX Font Info:    Overwriting symbol font `operators' in version `bold'
(Font)                  OT1/cmr/bx/n --> OT1/lmr/bx/n on input line 26.
LaTeX Font Info:    Overwriting symbol font `letters' in version `bold'
(Font)                  OML/cmm/b/it --> OML/lmm/b/it on input line 27.
LaTeX Font Info:    Overwriting symbol font `symbols' in version `bold'
(Font)                  OMS/cmsy/b/n --> OMS/lmsy/b/n on input line 28.
LaTeX Font Info:    Overwriting symbol font `largesymbols' in version `bold'
(Font)                  OMX/cmex/m/n --> OMX/lmex/m/n on input line 29.
LaTeX Font Info:    Overwriting math alphabet `\mathbf' in version `normal'
(Font)                  OT1/cmr/bx/n --> OT1/lmr/bx/n on input line 31.
LaTeX Font Info:    Overwriting math alphabet `\mathsf' in version `normal'
(Font)                  OT1/cmss/m/n --> OT1/lmss/m/n on input line 32.
LaTeX Font Info:    Overwriting math alphabet `\mathit' in version `normal'
(Font)                  OT1/cmr/m/it --> OT1/lmr/m/it on input line 33.
LaTeX Font Info:    Overwriting math alphabet `\mathtt' in version `normal'
(Font)                  OT1/cmtt/m/n --> OT1/lmtt/m/n on input line 34.
LaTeX Font Info:    Overwriting math alphabet `\mathbf' in version `bold'
(Font)                  OT1/cmr/bx/n --> OT1/lmr/bx/n on input line 35.
LaTeX Font Info:    Overwriting math alphabet `\mathsf' in version `bold'
(Font)                  OT1/cmss/bx/n --> OT1/lmss/bx/n on input line 36.
LaTeX Font Info:    Overwriting math alphabet `\mathit' in version `bold'
(Font)                  OT1/cmr/bx/it --> OT1/lmr/bx/it on input line 37.
LaTeX Font Info:    Overwriting math alphabet `\mathtt' in version `bold'
(Font)                  OT1/cmtt/m/n --> OT1/lmtt/m/n on input line 38.
) (c:/Users/jerem/AppData/Roaming/TinyTeX/texmf-dist/tex/generic/iftex/iftex.sty
Package: iftex 2022/02/03 v1.0f TeX engine tests
) (c:/Users/jerem/AppData/Roaming/TinyTeX/texmf-dist/tex/latex/base/fontenc.sty
Package: fontenc 2021/04/29 v2.0v Standard LaTeX package
LaTeX Font Info:    Trying to load font information for T1+lmr on input line 112.
(c:/Users/jerem/AppData/Roaming/TinyTeX/texmf-dist/tex/latex/lm/t1lmr.fd
File: t1lmr.fd 2015/05/01 v1.6.1 Font defs for Latin Modern
)) (c:/Users/jerem/AppData/Roaming/TinyTeX/texmf-dist/tex/latex/base/inputenc.sty
Package: inputenc 2021/02/14 v1.3d Input encoding file
\inpenc@prehook=\toks21
\inpenc@posthook=\toks22
) (c:/Users/jerem/AppData/Roaming/TinyTeX/texmf-dist/tex/latex/base/textcomp.sty
Package: textcomp 2020/02/02 v2.0n Standard LaTeX package
) (c:/Users/jerem/AppData/Roaming/TinyTeX/texmf-dist/tex/latex/xcolor/xcolor.sty
Package: xcolor 2022/06/12 v2.14 LaTeX color extensions (UK)
(c:/Users/jerem/AppData/Roaming/TinyTeX/texmf-dist/tex/latex/graphics-cfg/color.cfg
File: color.cfg 2016/01/02 v1.6 sample color configuration
)
Package xcolor Info: Driver file: pdftex.def on input line 227.
(c:/Users/jerem/AppData/Roaming/TinyTeX/texmf-dist/tex/latex/graphics-def/pdftex.def
File: pdftex.def 2022/09/22 v1.2b Graphics/color driver for pdftex
\stockwidth=\dimen148
\stockheight=\dimen149
) (c:/Users/jerem/AppData/Roaming/TinyTeX/texmf-dist/tex/latex/graphics/mathcolor.ltx)
Package xcolor Info: Model `cmy' substituted by `cmy0' on input line 1353.
Package xcolor Info: Model `hsb' substituted by `rgb' on input line 1357.
Package xcolor Info: Model `RGB' extended on input line 1369.
Package xcolor Info: Model `HTML' substituted by `rgb' on input line 1371.
Package xcolor Info: Model `Hsb' substituted by `hsb' on input line 1372.
Package xcolor Info: Model `tHsb' substituted by `hsb' on input line 1373.
Package xcolor Info: Model `HSB' substituted by `hsb' on input line 1374.
Package xcolor Info: Model `Gray' substituted by `gray' on input line 1375.
Package xcolor Info: Model `wave' substituted by `hsb' on input line 1376.
) (c:/Users/jerem/AppData/Roaming/TinyTeX/texmf-dist/tex/latex/graphics/graphicx.sty
Package: graphicx 2021/09/16 v1.2d Enhanced LaTeX Graphics (DPC,SPQR)
(c:/Users/jerem/AppData/Roaming/TinyTeX/texmf-dist/tex/latex/graphics/keyval.sty
Package: keyval 2022/05/29 v1.15 key=value parser (DPC)
\KV@toks@=\toks23
) (c:/Users/jerem/AppData/Roaming/TinyTeX/texmf-dist/tex/latex/graphics/graphics.sty
Package: graphics 2022/03/10 v1.4e Standard LaTeX Graphics (DPC,SPQR)
(c:/Users/jerem/AppData/Roaming/TinyTeX/texmf-dist/tex/latex/graphics/trig.sty
Package: trig 2021/08/11 v1.11 sin cos tan (DPC)
) (c:/Users/jerem/AppData/Roaming/TinyTeX/texmf-dist/tex/latex/graphics-cfg/graphics.cfg
File: graphics.cfg 2016/06/04 v1.11 sample graphics configuration
)
Package graphics Info: Driver file: pdftex.def on input line 107.
)
\Gin@req@height=\dimen150
\Gin@req@width=\dimen151
)
\cslhangindent=\skip52
\csllabelwidth=\skip53
\cslentryspacingunit=\skip54
(c:/Users/jerem/AppData/Roaming/TinyTeX/texmf-dist/tex/latex/tools/calc.sty
Package: calc 2017/05/25 v4.3 Infix arithmetic (KKT,FJ)
\calc@Acount=\count272
\calc@Bcount=\count273
\calc@Adimen=\dimen152
\calc@Bdimen=\dimen153
\calc@Askip=\skip55
\calc@Bskip=\skip56
LaTeX Info: Redefining \setlength on input line 80.
LaTeX Info: Redefining \addtolength on input line 81.
\calc@Ccount=\count274
\calc@Cskip=\skip57
) (c:/Users/jerem/AppData/Roaming/TinyTeX/texmf-dist/tex/generic/babel/babel.sty
Package: babel 2022/09/17 3.80 The Babel package
\babel@savecnt=\count275
\U@D=\dimen154
\l@unhyphenated=\language3
(c:/Users/jerem/AppData/Roaming/TinyTeX/texmf-dist/tex/generic/babel/txtbabel.def)
\bbl@readstream=\read2
\bbl@dirlevel=\count276
Package babel Info: You haven't specified a language. I'll use 'nil'
(babel)             as the main language. Reported on input line 4446.
(c:/Users/jerem/AppData/Roaming/TinyTeX/texmf-dist/tex/generic/babel/nil.ldf
Language: nil 2022/09/17 3.80 Nil language
\l@nil=\language4
))
\everypar=\toks24
(c:/Users/jerem/AppData/Roaming/TinyTeX/texmf-dist/tex/generic/babel/locale/en/babel-english.tex)
Package babel Info: Importing data for english
(babel)             from babel-en.ini. Reported on input line 81.
Package babel Info: Hyphen rules for 'english' set to \l@english
(babel)             (\language0). Reported on input line 81.
(c:/Users/jerem/AppData/Roaming/TinyTeX/texmf-dist/tex/latex/koma-script/scrextend.sty
Package: scrextend 2022/07/04 v3.37 KOMA-Script package (extend other classes with features of KOMA-Script classes)
(c:/Users/jerem/AppData/Roaming/TinyTeX/texmf-dist/tex/latex/koma-script/scrkbase.sty
Package: scrkbase 2022/07/04 v3.37 KOMA-Script package (KOMA-Script-dependent basics and keyval usage)
(c:/Users/jerem/AppData/Roaming/TinyTeX/texmf-dist/tex/latex/koma-script/scrbase.sty
Package: scrbase 2022/07/04 v3.37 KOMA-Script package (KOMA-Script-independent basics and keyval usage)
(c:/Users/jerem/AppData/Roaming/TinyTeX/texmf-dist/tex/latex/koma-script/scrlfile.sty
Package: scrlfile 2022/07/04 v3.37 KOMA-Script package (file load hooks)
(c:/Users/jerem/AppData/Roaming/TinyTeX/texmf-dist/tex/latex/koma-script/scrlfile-hook.sty
Package: scrlfile-hook 2022/07/04 v3.37 KOMA-Script package (using LaTeX hooks)
(c:/Users/jerem/AppData/Roaming/TinyTeX/texmf-dist/tex/latex/koma-script/scrlogo.sty
Package: scrlogo 2022/07/04 v3.37 KOMA-Script package (logo)
)))
Applying: [2021/05/01] Usage of raw or classic option list on input line 252.
Already applied: [0000/00/00] Usage of raw or classic option list on input line 368.
)))
Package scrextend Info: File `scrsize12pt.clo' used to setup font sizes on input line 86.
(c:/Users/jerem/AppData/Roaming/TinyTeX/texmf-dist/tex/latex/koma-script/scrsize12pt.clo
File: scrsize12pt.clo 2022/07/04 v3.37 KOMA-Script font size class option (12pt)
) (c:/Users/jerem/AppData/Roaming/TinyTeX/texmf-dist/tex/latex/titling/titling.sty
Package: titling 2009/09/04 v2.1d maketitle typesetting
\thanksmarkwidth=\skip58
\thanksmargin=\skip59
\droptitle=\skip60
) (c:/Users/jerem/AppData/Roaming/TinyTeX/texmf-dist/tex/latex/booktabs/booktabs.sty
Package: booktabs 2020/01/12 v1.61803398 Publication quality tables
\heavyrulewidth=\dimen155
\lightrulewidth=\dimen156
\cmidrulewidth=\dimen157
\belowrulesep=\dimen158
\belowbottomsep=\dimen159
\aboverulesep=\dimen160
\abovetopsep=\dimen161
\cmidrulesep=\dimen162
\cmidrulekern=\dimen163
\defaultaddspace=\dimen164
\@cmidla=\count277
\@cmidlb=\count278
\@aboverulesep=\dimen165
\@belowrulesep=\dimen166
\@thisruleclass=\count279
\@lastruleclass=\count280
\@thisrulewidth=\dimen167
) (c:/Users/jerem/AppData/Roaming/TinyTeX/texmf-dist/tex/latex/tools/longtable.sty
Package: longtable 2021-09-01 v4.17 Multi-page Table package (DPC)
\LTleft=\skip61
\LTright=\skip62
\LTpre=\skip63
\LTpost=\skip64
\LTchunksize=\count281
\LTcapwidth=\dimen168
\LT@head=\box53
\LT@firsthead=\box54
\LT@foot=\box55
\LT@lastfoot=\box56
\LT@gbox=\box57
\LT@cols=\count282
\LT@rows=\count283
\c@LT@tables=\count284
\c@LT@chunks=\count285
\LT@p@ftn=\toks25
) (c:/Users/jerem/AppData/Roaming/TinyTeX/texmf-dist/tex/latex/tools/array.sty
Package: array 2022/03/10 v2.5f Tabular extension package (FMi)
\col@sep=\dimen169
\ar@mcellbox=\box58
\extrarowheight=\dimen170
\NC@list=\toks26
\extratabsurround=\skip65
\backup@length=\skip66
\ar@cellbox=\box59
) (c:/Users/jerem/AppData/Roaming/TinyTeX/texmf-dist/tex/latex/multirow/multirow.sty
Package: multirow 2021/03/15 v2.8 Span multiple rows of a table
\multirow@colwidth=\skip67
\multirow@cntb=\count286
\multirow@dima=\skip68
\bigstrutjot=\dimen171
) (c:/Users/jerem/AppData/Roaming/TinyTeX/texmf-dist/tex/latex/wrapfig/wrapfig.sty
\wrapoverhang=\dimen172
\WF@size=\dimen173
\c@WF@wrappedlines=\count287
\WF@box=\box60
\WF@everypar=\toks27
Package: wrapfig 2003/01/31  v 3.6
) (c:/Users/jerem/AppData/Roaming/TinyTeX/texmf-dist/tex/latex/float/float.sty
Package: float 2001/11/08 v1.3d Float enhancements (AL)
\c@float@type=\count288
\float@exts=\toks28
\float@box=\box61
\@float@everytoks=\toks29
\@floatcapt=\box62
) (c:/Users/jerem/AppData/Roaming/TinyTeX/texmf-dist/tex/latex/colortbl/colortbl.sty
Package: colortbl 2022/06/20 v1.0f Color table columns (DPC)
\everycr=\toks30
\minrowclearance=\skip69
\rownum=\count289
) (c:/Users/jerem/AppData/Roaming/TinyTeX/texmf-dist/tex/latex/pdflscape/pdflscape.sty
Package: pdflscape 2019/12/05 v0.12 Display of landscape pages in PDF (HO)
(c:/Users/jerem/AppData/Roaming/TinyTeX/texmf-dist/tex/latex/graphics/lscape.sty
Package: lscape 2020/05/28 v3.02 Landscape Pages (DPC)
)
Package pdflscape Info: Auto-detected driver: pdftex on input line 81.
) (c:/Users/jerem/AppData/Roaming/TinyTeX/texmf-dist/tex/latex/tabu/tabu.sty
Package: tabu 2019/01/11 v2.9 - flexible LaTeX tabulars (FC+tabu-fixed)
(c:/Users/jerem/AppData/Roaming/TinyTeX/texmf-dist/tex/latex/varwidth/varwidth.sty
Package: varwidth 2009/03/30 ver 0.92;  Variable-width minipages
\@vwid@box=\box63
\sift@deathcycles=\count290
\@vwid@loff=\dimen174
\@vwid@roff=\dimen175
)
\c@taburow=\count291
\tabu@nbcols=\count292
\tabu@cnt=\count293
\tabu@Xcol=\count294
\tabu@alloc=\count295
\tabu@nested=\count296
\tabu@target=\dimen176
\tabu@spreadtarget=\dimen177
\tabu@naturalX=\dimen178
\tabucolX=\dimen179
\tabu@Xsum=\dimen180
\extrarowdepth=\dimen181
\abovetabulinesep=\dimen182
\belowtabulinesep=\dimen183
\tabustrutrule=\dimen184
\tabu@thebody=\toks31
\tabu@footnotes=\toks32
\tabu@box=\box64
\tabu@arstrutbox=\box65
\tabu@hleads=\box66
\tabu@vleads=\box67
\tabu@cellskip=\skip70
) (c:/Users/jerem/AppData/Roaming/TinyTeX/texmf-dist/tex/latex/threeparttable/threeparttable.sty
Package: threeparttable 2003/06/13  v 3.0
\@tempboxb=\box68
) (c:/Users/jerem/AppData/Roaming/TinyTeX/texmf-dist/tex/latex/threeparttablex/threeparttablex.sty
Package: threeparttablex 2013/07/23 v0.3 by daleif
(c:/Users/jerem/AppData/Roaming/TinyTeX/texmf-dist/tex/latex/environ/environ.sty
Package: environ 2014/05/04 v0.3 A new way to define environments
(c:/Users/jerem/AppData/Roaming/TinyTeX/texmf-dist/tex/latex/trimspaces/trimspaces.sty
Package: trimspaces 2009/09/17 v1.1 Trim spaces around a token list
))
\TPTL@width=\skip71
) (c:/Users/jerem/AppData/Roaming/TinyTeX/texmf-dist/tex/generic/ulem/ulem.sty
\UL@box=\box69
\UL@hyphenbox=\box70
\UL@skip=\skip72
\UL@hook=\toks33
\UL@height=\dimen185
\UL@pe=\count297
\UL@pixel=\dimen186
\ULC@box=\box71
Package: ulem 2019/11/18
\ULdepth=\dimen187
) (c:/Users/jerem/AppData/Roaming/TinyTeX/texmf-dist/tex/latex/makecell/makecell.sty
Package: makecell 2009/08/03 V0.1e Managing of Tab Column Heads and Cells
\rotheadsize=\dimen188
\c@nlinenum=\count298
\TeXr@lab=\toks34
) (c:/Users/jerem/AppData/Roaming/TinyTeX/texmf-dist/tex/latex/hyperref/hyperref.sty
Package: hyperref 2022-09-22 v7.00t Hypertext links for LaTeX
(c:/Users/jerem/AppData/Roaming/TinyTeX/texmf-dist/tex/generic/ltxcmds/ltxcmds.sty
Package: ltxcmds 2020-05-10 v1.25 LaTeX kernel commands for general use (HO)
) (c:/Users/jerem/AppData/Roaming/TinyTeX/texmf-dist/tex/generic/pdftexcmds/pdftexcmds.sty
Package: pdftexcmds 2020-06-27 v0.33 Utility functions of pdfTeX for LuaTeX (HO)
(c:/Users/jerem/AppData/Roaming/TinyTeX/texmf-dist/tex/generic/infwarerr/infwarerr.sty
Package: infwarerr 2019/12/03 v1.5 Providing info/warning/error messages (HO)
)
Package pdftexcmds Info: \pdf@primitive is available.
Package pdftexcmds Info: \pdf@ifprimitive is available.
Package pdftexcmds Info: \pdfdraftmode found.
) (c:/Users/jerem/AppData/Roaming/TinyTeX/texmf-dist/tex/generic/kvsetkeys/kvsetkeys.sty
Package: kvsetkeys 2019/12/15 v1.18 Key value parser (HO)
) (c:/Users/jerem/AppData/Roaming/TinyTeX/texmf-dist/tex/generic/kvdefinekeys/kvdefinekeys.sty
Package: kvdefinekeys 2019-12-19 v1.6 Define keys (HO)
) (c:/Users/jerem/AppData/Roaming/TinyTeX/texmf-dist/tex/generic/pdfescape/pdfescape.sty
Package: pdfescape 2019/12/09 v1.15 Implements pdfTeX's escape features (HO)
) (c:/Users/jerem/AppData/Roaming/TinyTeX/texmf-dist/tex/latex/hycolor/hycolor.sty
Package: hycolor 2020-01-27 v1.10 Color options for hyperref/bookmark (HO)
) (c:/Users/jerem/AppData/Roaming/TinyTeX/texmf-dist/tex/latex/letltxmacro/letltxmacro.sty
Package: letltxmacro 2019/12/03 v1.6 Let assignment for LaTeX macros (HO)
) (c:/Users/jerem/AppData/Roaming/TinyTeX/texmf-dist/tex/latex/auxhook/auxhook.sty
Package: auxhook 2019-12-17 v1.6 Hooks for auxiliary files (HO)
) (c:/Users/jerem/AppData/Roaming/TinyTeX/texmf-dist/tex/latex/hyperref/nameref.sty
Package: nameref 2022-05-17 v2.50 Cross-referencing by name of section
(c:/Users/jerem/AppData/Roaming/TinyTeX/texmf-dist/tex/latex/refcount/refcount.sty
Package: refcount 2019/12/15 v3.6 Data extraction from label references (HO)
) (c:/Users/jerem/AppData/Roaming/TinyTeX/texmf-dist/tex/generic/gettitlestring/gettitlestring.sty
Package: gettitlestring 2019/12/15 v1.6 Cleanup title references (HO)
(c:/Users/jerem/AppData/Roaming/TinyTeX/texmf-dist/tex/latex/kvoptions/kvoptions.sty
Package: kvoptions 2022-06-15 v3.15 Key value format for package options (HO)
))
\c@section@level=\count299
)
\@linkdim=\dimen189
\Hy@linkcounter=\count300
\Hy@pagecounter=\count301
(c:/Users/jerem/AppData/Roaming/TinyTeX/texmf-dist/tex/latex/hyperref/pd1enc.def
File: pd1enc.def 2022-09-22 v7.00t Hyperref: PDFDocEncoding definition (HO)
Now handling font encoding PD1 ...
... no UTF-8 mapping file for font encoding PD1
) (c:/Users/jerem/AppData/Roaming/TinyTeX/texmf-dist/tex/generic/intcalc/intcalc.sty
Package: intcalc 2019/12/15 v1.3 Expandable calculations with integers (HO)
) (c:/Users/jerem/AppData/Roaming/TinyTeX/texmf-dist/tex/generic/etexcmds/etexcmds.sty
Package: etexcmds 2019/12/15 v1.7 Avoid name clashes with e-TeX commands (HO)
)
\Hy@SavedSpaceFactor=\count302
(c:/Users/jerem/AppData/Roaming/TinyTeX/texmf-dist/tex/latex/hyperref/puenc.def
File: puenc.def 2022-09-22 v7.00t Hyperref: PDF Unicode definition (HO)
Now handling font encoding PU ...
... no UTF-8 mapping file for font encoding PU
)
Package hyperref Info: Option `unicode' set `true' on input line 4045.
Package hyperref Info: Hyper figures OFF on input line 4162.
Package hyperref Info: Link nesting OFF on input line 4167.
Package hyperref Info: Hyper index ON on input line 4170.
Package hyperref Info: Plain pages OFF on input line 4177.
Package hyperref Info: Backreferencing OFF on input line 4182.
Package hyperref Info: Implicit mode ON; LaTeX internals redefined.
Package hyperref Info: Bookmarks ON on input line 4410.
\c@Hy@tempcnt=\count303
(c:/Users/jerem/AppData/Roaming/TinyTeX/texmf-dist/tex/latex/url/url.sty
\Urlmuskip=\muskip17
Package: url 2013/09/16  ver 3.4  Verb mode for urls, etc.
)
LaTeX Info: Redefining \url on input line 4748.
\XeTeXLinkMargin=\dimen190
(c:/Users/jerem/AppData/Roaming/TinyTeX/texmf-dist/tex/generic/bitset/bitset.sty
Package: bitset 2019/12/09 v1.3 Handle bit-vector datatype (HO)
(c:/Users/jerem/AppData/Roaming/TinyTeX/texmf-dist/tex/generic/bigintcalc/bigintcalc.sty
Package: bigintcalc 2019/12/15 v1.5 Expandable calculations on big integers (HO)
))
\Fld@menulength=\count304
\Field@Width=\dimen191
\Fld@charsize=\dimen192
Package hyperref Info: Hyper figures OFF on input line 6027.
Package hyperref Info: Link nesting OFF on input line 6032.
Package hyperref Info: Hyper index ON on input line 6035.
Package hyperref Info: backreferencing OFF on input line 6042.
Package hyperref Info: Link coloring OFF on input line 6047.
Package hyperref Info: Link coloring with OCG OFF on input line 6052.
Package hyperref Info: PDF/A mode OFF on input line 6057.
(c:/Users/jerem/AppData/Roaming/TinyTeX/texmf-dist/tex/latex/base/atbegshi-ltx.sty
Package: atbegshi-ltx 2021/01/10 v1.0c Emulation of the original atbegshi
package with kernel methods
)
\Hy@abspage=\count305
\c@Item=\count306
\c@Hfootnote=\count307
)
Package hyperref Info: Driver (autodetected): hpdftex.
(c:/Users/jerem/AppData/Roaming/TinyTeX/texmf-dist/tex/latex/hyperref/hpdftex.def
File: hpdftex.def 2022-09-22 v7.00t Hyperref driver for pdfTeX
(c:/Users/jerem/AppData/Roaming/TinyTeX/texmf-dist/tex/latex/base/atveryend-ltx.sty
Package: atveryend-ltx 2020/08/19 v1.0a Emulation of the original atveryend package
with kernel methods
)
\Fld@listcount=\count308
\c@bookmark@seq@number=\count309
(c:/Users/jerem/AppData/Roaming/TinyTeX/texmf-dist/tex/latex/rerunfilecheck/rerunfilecheck.sty
Package: rerunfilecheck 2022-07-10 v1.10 Rerun checks for auxiliary files (HO)
(c:/Users/jerem/AppData/Roaming/TinyTeX/texmf-dist/tex/generic/uniquecounter/uniquecounter.sty
Package: uniquecounter 2019/12/15 v1.4 Provide unlimited unique counter (HO)
)
Package uniquecounter Info: New unique counter `rerunfilecheck' on input line 285.
)
\Hy@SectionHShift=\skip73
) (c:/Users/jerem/AppData/Roaming/TinyTeX/texmf-dist/tex/latex/l3backend/l3backend-pdftex.def
File: l3backend-pdftex.def 2022-09-28 L3 backend support: PDF output (pdfTeX)
\l__color_backend_stack_int=\count310
\l__pdf_internal_box=\box72
)
No file HWP-CvR-Documentation.aux.
\openout1 = `HWP-CvR-Documentation.aux'.

LaTeX Font Info:    Checking defaults for OML/cmm/m/it on input line 126.
LaTeX Font Info:    ... okay on input line 126.
LaTeX Font Info:    Checking defaults for OMS/cmsy/m/n on input line 126.
LaTeX Font Info:    ... okay on input line 126.
LaTeX Font Info:    Checking defaults for OT1/cmr/m/n on input line 126.
LaTeX Font Info:    ... okay on input line 126.
LaTeX Font Info:    Checking defaults for T1/cmr/m/n on input line 126.
LaTeX Font Info:    ... okay on input line 126.
LaTeX Font Info:    Checking defaults for TS1/cmr/m/n on input line 126.
LaTeX Font Info:    ... okay on input line 126.
LaTeX Font Info:    Checking defaults for OMX/cmex/m/n on input line 126.
LaTeX Font Info:    ... okay on input line 126.
LaTeX Font Info:    Checking defaults for U/cmr/m/n on input line 126.
LaTeX Font Info:    ... okay on input line 126.
LaTeX Font Info:    Checking defaults for PD1/pdf/m/n on input line 126.
LaTeX Font Info:    ... okay on input line 126.
LaTeX Font Info:    Checking defaults for PU/pdf/m/n on input line 126.
LaTeX Font Info:    ... okay on input line 126.
(c:/Users/jerem/AppData/Roaming/TinyTeX/texmf-dist/tex/latex/epstopdf-pkg/epstopdf-base.sty
Package: epstopdf-base 2020-01-24 v2.11 Base part for package epstopdf
Package epstopdf-base Info: Redefining graphics rule for `.eps' on input line 485.
(c:/Users/jerem/AppData/Roaming/TinyTeX/texmf-dist/tex/latex/latexconfig/epstopdf-sys.cfg
File: epstopdf-sys.cfg 2010/07/13 v1.3 Configuration of (r)epstopdf for TeX Live
))
Package hyperref Info: Link coloring OFF on input line 126.
\@outlinefile=\write3
\openout3 = `HWP-CvR-Documentation.out'.

[1





{c:/Users/jerem/AppData/Roaming/TinyTeX/texmf-var/fonts/map/pdftex/updmap/pdftex.map}] [2


] [1

]
Underfull \vbox (badness 2875) has occurred while \output is active []

[2] [3]
LaTeX Font Info:    Trying to load font information for TS1+lmr on input line 255.
(c:/Users/jerem/AppData/Roaming/TinyTeX/texmf-dist/tex/latex/lm/ts1lmr.fd
File: ts1lmr.fd 2015/05/01 v1.6.1 Font defs for Latin Modern
)
Underfull \hbox (badness 10000) in paragraph at lines 255--259

 []


Underfull \hbox (badness 10000) in paragraph at lines 281--283

 []

[4

]
Underfull \hbox (badness 10000) in paragraph at lines 292--297

 []


Underfull \hbox (badness 10000) in paragraph at lines 307--310

 []

[5] [6] [7]
<images/OverviewModelSchematic.png, id=86, 855.94781pt x 586.44093pt>
File: images/OverviewModelSchematic.png Graphic file (type png)
<use images/OverviewModelSchematic.png>
Package pdftex.def Info: images/OverviewModelSchematic.png  used on input line 425.
(pdftex.def)             Requested size: 344.99826pt x 236.37082pt.
[8] [9 <./images/OverviewModelSchematic.png>]
Underfull \vbox (badness 10000) has occurred while \output is active []

[10]
LaTeX Font Info:    Trying to load font information for OT1+lmr on input line 520.
(c:/Users/jerem/AppData/Roaming/TinyTeX/texmf-dist/tex/latex/lm/ot1lmr.fd
File: ot1lmr.fd 2015/05/01 v1.6.1 Font defs for Latin Modern
)
LaTeX Font Info:    Trying to load font information for OML+lmm on input line 520.
(c:/Users/jerem/AppData/Roaming/TinyTeX/texmf-dist/tex/latex/lm/omllmm.fd
File: omllmm.fd 2015/05/01 v1.6.1 Font defs for Latin Modern
)
LaTeX Font Info:    Trying to load font information for OMS+lmsy on input line 520.
(c:/Users/jerem/AppData/Roaming/TinyTeX/texmf-dist/tex/latex/lm/omslmsy.fd
File: omslmsy.fd 2015/05/01 v1.6.1 Font defs for Latin Modern
)
LaTeX Font Info:    Trying to load font information for OMX+lmex on input line 520.
(c:/Users/jerem/AppData/Roaming/TinyTeX/texmf-dist/tex/latex/lm/omxlmex.fd
File: omxlmex.fd 2015/05/01 v1.6.1 Font defs for Latin Modern
)
LaTeX Font Info:    External font `lmex10' loaded for size
(Font)              <12> on input line 520.
LaTeX Font Info:    External font `lmex10' loaded for size
(Font)              <8> on input line 520.
LaTeX Font Info:    External font `lmex10' loaded for size
(Font)              <6> on input line 520.
LaTeX Font Info:    Trying to load font information for U+msa on input line 520.
(c:/Users/jerem/AppData/Roaming/TinyTeX/texmf-dist/tex/latex/amsfonts/umsa.fd
File: umsa.fd 2013/01/14 v3.01 AMS symbols A
)
LaTeX Font Info:    Trying to load font information for U+msb on input line 520.
(c:/Users/jerem/AppData/Roaming/TinyTeX/texmf-dist/tex/latex/amsfonts/umsb.fd
File: umsb.fd 2013/01/14 v3.01 AMS symbols B
) [11] [12]
Underfull \hbox (badness 10000) in paragraph at lines 580--583

 []

<images/ModelHistory.png, id=139, 721.19438pt x 368.87813pt>
File: images/ModelHistory.png Graphic file (type png)
<use images/ModelHistory.png>
Package pdftex.def Info: images/ModelHistory.png  used on input line 598.
(pdftex.def)             Requested size: 344.99188pt x 176.45721pt.
[13] [14 <./images/ModelHistory.png>] [15

]
Overfull \hbox (8.53967pt too wide) has occurred while \output is active
\T1/lmr/m/n/12 16 []\T1/lmr/m/sl/12 OPTION 1: BASIC USE OF THE R SHINY WEB APPLICATION[]
 []

[16]
Underfull \hbox (badness 10000) in paragraph at lines 719--725

 []

[17]
Underfull \hbox (badness 10000) in paragraph at lines 742--745

 []


Underfull \hbox (badness 10000) in paragraph at lines 765--770

 []


Underfull \hbox (badness 10000) in paragraph at lines 770--775

 []


Overfull \hbox (8.53967pt too wide) has occurred while \output is active
\T1/lmr/m/n/12 18 []\T1/lmr/m/sl/12 OPTION 1: BASIC USE OF THE R SHINY WEB APPLICATION[]
 []

[18] [19]
Overfull \hbox (8.53967pt too wide) has occurred while \output is active
\T1/lmr/m/n/12 20 []\T1/lmr/m/sl/12 OPTION 1: BASIC USE OF THE R SHINY WEB APPLICATION[]
 []

[20] [21

]
LaTeX Font Info:    Trying to load font information for T1+lmtt on input line 861.
(c:/Users/jerem/AppData/Roaming/TinyTeX/texmf-dist/tex/latex/lm/t1lmtt.fd
File: t1lmtt.fd 2015/05/01 v1.6.1 Font defs for Latin Modern
)
Underfull \hbox (badness 10000) in paragraph at lines 889--892

 []


Underfull \hbox (badness 10000) in paragraph at lines 892--895

 []


Overfull \hbox (105.59988pt too wide) has occurred while \output is active
\T1/lmr/m/n/12 22 []\T1/lmr/m/sl/12 OPTION 2: UPLOAD AND RUN YOUR OWN DATA IN THE WEB APPLICATION[]
 []

[22] [23]
Underfull \hbox (badness 1331) in paragraph at lines 972--978
\T1/lmr/m/n/12 prov-input-options)). Na-tional de-fault. Un-nec-es-sary to
 []


Overfull \hbox (105.59988pt too wide) has occurred while \output is active
\T1/lmr/m/n/12 24 []\T1/lmr/m/sl/12 OPTION 2: UPLOAD AND RUN YOUR OWN DATA IN THE WEB APPLICATION[]
 []

[24]
Underfull \hbox (badness 2318) in paragraph at lines 1007--1015
[]\T1/lmr/m/n/12 The \T1/lmtt/m/n/12 HWP Data/ExistingData/ \T1/lmr/m/n/12 folder con-tains the Cal-i-for-nia,
 []

[25]
<images/regions_map.png, id=232, 804.00375pt x 513.41812pt>
File: images/regions_map.png Graphic file (type png)
<use images/regions_map.png>
Package pdftex.def Info: images/regions_map.png  used on input line 1017.
(pdftex.def)             Requested size: 344.99106pt x 220.30327pt.

Overfull \hbox (105.59988pt too wide) has occurred while \output is active
\T1/lmr/m/n/12 26 []\T1/lmr/m/sl/12 OPTION 2: UPLOAD AND RUN YOUR OWN DATA IN THE WEB APPLICATION[]
 []

[26 <./images/regions_map.png>] [27]
Overfull \hbox (29.30035pt too wide) in paragraph at lines 1077--1080
\T1/lmr/m/n/12 as CA_Inputs_HWP_Model.xlsx or Ore-gon_Inputs_HWP_Model.xlsx,
 []


Overfull \hbox (58.27878pt too wide) in paragraph at lines 1086--1093
[]\T1/lmr/m/n/12 The first work-sheet in the in-put data tem-plate file, HWP_MODEL_OPTIONS,
 []


Overfull \hbox (105.59988pt too wide) has occurred while \output is active
\T1/lmr/m/n/12 28 []\T1/lmr/m/sl/12 OPTION 2: UPLOAD AND RUN YOUR OWN DATA IN THE WEB APPLICATION[]
 []

[28] [29]
Overfull \hbox (17.51909pt too wide) in paragraph at lines 1147--1153
\T1/lmr/m/n/12 model. The de-fault value is ``HWP_Stand_Alone_Files/Arrays/''.
 []


Overfull \hbox (16.2181pt too wide) in paragraph at lines 1153--1159
\T1/lmr/m/n/12 model. The de-fault value is ``HWP_Stand_Alone_Files/Tables/''.
 []


Overfull \hbox (105.59988pt too wide) has occurred while \output is active
\T1/lmr/m/n/12 30 []\T1/lmr/m/sl/12 OPTION 2: UPLOAD AND RUN YOUR OWN DATA IN THE WEB APPLICATION[]
 []

[30] [31]
Overfull \hbox (105.59988pt too wide) has occurred while \output is active
\T1/lmr/m/n/12 32 []\T1/lmr/m/sl/12 OPTION 2: UPLOAD AND RUN YOUR OWN DATA IN THE WEB APPLICATION[]
 []

[32] [33]
Overfull \hbox (105.59988pt too wide) has occurred while \output is active
\T1/lmr/m/n/12 34 []\T1/lmr/m/sl/12 OPTION 2: UPLOAD AND RUN YOUR OWN DATA IN THE WEB APPLICATION[]
 []

[34] [35]
Overfull \hbox (105.59988pt too wide) has occurred while \output is active
\T1/lmr/m/n/12 36 []\T1/lmr/m/sl/12 OPTION 2: UPLOAD AND RUN YOUR OWN DATA IN THE WEB APPLICATION[]
 []

[36] [37]
Overfull \hbox (105.59988pt too wide) has occurred while \output is active
\T1/lmr/m/n/12 38 []\T1/lmr/m/sl/12 OPTION 2: UPLOAD AND RUN YOUR OWN DATA IN THE WEB APPLICATION[]
 []

[38] [39]
Overfull \hbox (105.59988pt too wide) has occurred while \output is active
\T1/lmr/m/n/12 40 []\T1/lmr/m/sl/12 OPTION 2: UPLOAD AND RUN YOUR OWN DATA IN THE WEB APPLICATION[]
 []

[40]
Underfull \hbox (badness 3919) in paragraph at lines 1607--1620
\T1/lmr/m/n/12 (CA_DiscardEnergyCapture_Test.xlsx, see Sec-tion @ref(dnld-
 []

[41]
Overfull \hbox (105.59988pt too wide) has occurred while \output is active
\T1/lmr/m/n/12 42 []\T1/lmr/m/sl/12 OPTION 2: UPLOAD AND RUN YOUR OWN DATA IN THE WEB APPLICATION[]
 []

[42]
Underfull \hbox (badness 10000) in paragraph at lines 1724--1738

 []

[43]
Overfull \hbox (105.59988pt too wide) has occurred while \output is active
\T1/lmr/m/n/12 44 []\T1/lmr/m/sl/12 OPTION 2: UPLOAD AND RUN YOUR OWN DATA IN THE WEB APPLICATION[]
 []

[44]
Overfull \hbox (10.79016pt too wide) in paragraph at lines 1785--1794
[]\T1/lmr/m/n/12 Landfill_HalfLives, Dump_HalfLives, Re-cov-ered_HalfLives:
 []

[45]
Overfull \hbox (105.59988pt too wide) has occurred while \output is active
\T1/lmr/m/n/12 46 []\T1/lmr/m/sl/12 OPTION 2: UPLOAD AND RUN YOUR OWN DATA IN THE WEB APPLICATION[]
 []

[46] [47]
Underfull \hbox (badness 10000) in paragraph at lines 1900--1902

 []


Underfull \hbox (badness 10000) in paragraph at lines 1902--1904

 []


Underfull \hbox (badness 10000) in paragraph at lines 1917--1920

 []


Underfull \hbox (badness 10000) in paragraph at lines 1920--1923

 []


Overfull \hbox (105.59988pt too wide) has occurred while \output is active
\T1/lmr/m/n/12 48 []\T1/lmr/m/sl/12 OPTION 2: UPLOAD AND RUN YOUR OWN DATA IN THE WEB APPLICATION[]
 []

[48]
Underfull \hbox (badness 10000) in paragraph at lines 1931--1934

 []


Underfull \hbox (badness 10000) in paragraph at lines 1934--1939

 []


Underfull \hbox (badness 10000) in paragraph at lines 1939--1941

 []


Underfull \hbox (badness 10000) in paragraph at lines 1941--1943

 []


Underfull \hbox (badness 10000) in paragraph at lines 1951--1954

 []


Underfull \hbox (badness 10000) in paragraph at lines 1954--1956

 []


Underfull \hbox (badness 10000) in paragraph at lines 1956--1958

 []


Underfull \hbox (badness 10000) in paragraph at lines 1958--1961

 []


Underfull \hbox (badness 10000) in paragraph at lines 1969--1971

 []


Underfull \hbox (badness 10000) in paragraph at lines 1971--1974

 []

[49]
Underfull \hbox (badness 10000) in paragraph at lines 1982--1985

 []


Underfull \hbox (badness 10000) in paragraph at lines 1985--1987

 []


Underfull \hbox (badness 10000) in paragraph at lines 1987--1989

 []


Underfull \hbox (badness 10000) in paragraph at lines 1989--1992

 []


Underfull \hbox (badness 10000) in paragraph at lines 2000--2004

 []


Underfull \hbox (badness 10000) in paragraph at lines 2004--2006

 []


Underfull \hbox (badness 10000) in paragraph at lines 2006--2008

 []


Underfull \hbox (badness 10000) in paragraph at lines 2008--2011

 []


Underfull \hbox (badness 10000) in paragraph at lines 2011--2014

 []


Overfull \hbox (105.59988pt too wide) has occurred while \output is active
\T1/lmr/m/n/12 50 []\T1/lmr/m/sl/12 OPTION 2: UPLOAD AND RUN YOUR OWN DATA IN THE WEB APPLICATION[]
 []

[50]
Underfull \hbox (badness 1221) in paragraph at lines 2022--2024
[]\T1/lmr/m/n/12 The col-umn names must be, in or-der, "En-dU-seID" and
 []


Underfull \hbox (badness 10000) in paragraph at lines 2022--2024

 []


Underfull \hbox (badness 10000) in paragraph at lines 2024--2027

 []


Underfull \hbox (badness 10000) in paragraph at lines 2035--2038

 []


Underfull \hbox (badness 10000) in paragraph at lines 2038--2040

 []


Underfull \hbox (badness 10000) in paragraph at lines 2040--2042

 []


Underfull \hbox (badness 1406) in paragraph at lines 2050--2054
[]\T1/lmr/m/n/12 The col-umn names must be, in or-der, "Pa-ram-e-ter_ID",
 []


Underfull \hbox (badness 4981) in paragraph at lines 2050--2054
\T1/lmr/m/n/12 "Pa-ram-e-ter_Name", "Pa-per", "First_Year", "Last_Year",
 []


Underfull \hbox (badness 10000) in paragraph at lines 2050--2054

 []


Underfull \hbox (badness 1168) in paragraph at lines 2054--2061
[]\T1/lmr/m/n/12 The pa-ram-e-ter names need to be la-beled "CCFtoMTC",
 []


Underfull \hbox (badness 10000) in paragraph at lines 2054--2061
\T1/lmr/m/n/12 "En-dUse_HalfLives", "En-dUseR-a-tios", "Dis-carded-Dis-po-si-
 []


Underfull \hbox (badness 10000) in paragraph at lines 2054--2061
\T1/lmr/m/n/12 tion-Ra-tios", "Land-fillDe-cayLim-its", "Land-fill_HalfLives",
 []


Underfull \hbox (badness 10000) in paragraph at lines 2054--2061

 []

[51]
Underfull \hbox (badness 10000) in paragraph at lines 2061--2063

 []


Underfull \hbox (badness 10000) in paragraph at lines 2063--2066

 []


Underfull \hbox (badness 10000) in paragraph at lines 2066--2069

 []


Overfull \hbox (105.59988pt too wide) has occurred while \output is active
\T1/lmr/m/n/12 52 []\T1/lmr/m/sl/12 OPTION 2: UPLOAD AND RUN YOUR OWN DATA IN THE WEB APPLICATION[]
 []

[52]
Overfull \hbox (141.31897pt too wide) has occurred while \output is active
[]\T1/lmr/m/sl/12 UPLOADING YOUR DATA AND RUNNING THE MODEL FROM THE SHINY WEB APP[] \T1/lmr/m/n/12 53
 []

[53]

! LaTeX Error: Environment greybox undefined.

See the LaTeX manual or LaTeX Companion for explanation.
Type  H <return>  for immediate help.
 ...                                              
                                                  
l.2140 \begin{greybox}
                       
Here is how much of TeX's memory you used:
 14120 strings out of 477031
 231555 string characters out of 5826633
 604804 words of memory out of 5000000
 34817 multiletter control sequences out of 15000+600000
 523897 words of font info for 60 fonts, out of 8000000 for 9000
 14 hyphenation exceptions out of 8191
 108i,6n,106p,647b,593s stack positions out of 10000i,1000n,20000p,200000b,200000s

!  ==> Fatal error occurred, no output PDF file produced!
